C:\Program Files (x86)\Microsoft Visual Studio\2019\Community\MSBuild\Microsoft\VC\v160\Microsoft.CppClean.targets(77,5): warning : Access to the path 'c:\users\sophi\desktop\seaofcheaters\sea-of-cheaters-main\bin\release\cheat.dll' is denied.
  unity_06R410Y79QONR3NK.cpp
C:\Users\sophi\Desktop\seaofcheaters\Sea-of-Cheaters-main\Cheat\SDK.h(355,30): warning C4099: 'AAthenaPlayerCharacter': type name first seen using 'struct' now seen using 'class'
C:\Users\sophi\Desktop\seaofcheaters\Sea-of-Cheaters-main\Cheat\SDK.h(320): message : see declaration of 'AAthenaPlayerCharacter'
C:\Users\sophi\Desktop\seaofcheaters\Sea-of-Cheaters-main\Cheat\SDK.h(361,30): warning C4099: 'AAthenaPlayerCharacter': type name first seen using 'struct' now seen using 'class'
C:\Users\sophi\Desktop\seaofcheaters\Sea-of-Cheaters-main\Cheat\SDK.h(320): message : see declaration of 'AAthenaPlayerCharacter'
C:\Users\sophi\Desktop\seaofcheaters\Sea-of-Cheaters-main\Cheat\SDK.h(364,48): warning C4099: 'AAthenaPlayerCharacter': type name first seen using 'struct' now seen using 'class'
C:\Users\sophi\Desktop\seaofcheaters\Sea-of-Cheaters-main\Cheat\SDK.h(320): message : see declaration of 'AAthenaPlayerCharacter'
C:\Users\sophi\Desktop\seaofcheaters\Sea-of-Cheaters-main\Cheat\SDK.h(385,20): warning C4099: 'APlayerState': type name first seen using 'struct' now seen using 'class'
C:\Users\sophi\Desktop\seaofcheaters\Sea-of-Cheaters-main\Cheat\SDK.h(323): message : see declaration of 'APlayerState'
C:\Users\sophi\Desktop\seaofcheaters\Sea-of-Cheaters-main\Cheat\SDK.h(459,16): warning C4101: 'ReturnValue': unreferenced local variable
C:\Users\sophi\Desktop\seaofcheaters\Sea-of-Cheaters-main\Cheat\SDK.h(674,15): warning C4099: 'UClass': type name first seen using 'class' now seen using 'struct'
C:\Users\sophi\Desktop\seaofcheaters\Sea-of-Cheaters-main\Cheat\SDK.h(233): message : see declaration of 'UClass'
C:\Users\sophi\Desktop\seaofcheaters\Sea-of-Cheaters-main\Cheat\SDK.h(675,15): warning C4099: 'UClass': type name first seen using 'class' now seen using 'struct'
C:\Users\sophi\Desktop\seaofcheaters\Sea-of-Cheaters-main\Cheat\SDK.h(233): message : see declaration of 'UClass'
C:\Users\sophi\Desktop\seaofcheaters\Sea-of-Cheaters-main\Cheat\SDK.h(837,65): warning C4099: 'FString': type name first seen using 'class' now seen using 'struct'
C:\Users\sophi\Desktop\seaofcheaters\Sea-of-Cheaters-main\Cheat\SDK.h(248): message : see declaration of 'FString'
C:\Users\sophi\Desktop\seaofcheaters\Sea-of-Cheaters-main\Cheat\SDK.h(848,70): warning C4099: 'FString': type name first seen using 'class' now seen using 'struct'
C:\Users\sophi\Desktop\seaofcheaters\Sea-of-Cheaters-main\Cheat\SDK.h(248): message : see declaration of 'FString'
C:\Users\sophi\Desktop\seaofcheaters\Sea-of-Cheaters-main\Cheat\SDK.h(859,27): warning C4099: 'APlayerState': type name first seen using 'struct' now seen using 'class'
C:\Users\sophi\Desktop\seaofcheaters\Sea-of-Cheaters-main\Cheat\SDK.h(323): message : see declaration of 'APlayerState'
C:\Users\sophi\Desktop\seaofcheaters\Sea-of-Cheaters-main\Cheat\SDK.h(964,28): warning C4099: 'FString': type name first seen using 'class' now seen using 'struct'
C:\Users\sophi\Desktop\seaofcheaters\Sea-of-Cheaters-main\Cheat\SDK.h(248): message : see declaration of 'FString'
C:\Users\sophi\Desktop\seaofcheaters\Sea-of-Cheaters-main\Cheat\SDK.h(1000,15): warning C4099: 'UClass': type name first seen using 'class' now seen using 'struct'
C:\Users\sophi\Desktop\seaofcheaters\Sea-of-Cheaters-main\Cheat\SDK.h(233): message : see declaration of 'UClass'
C:\Users\sophi\Desktop\seaofcheaters\Sea-of-Cheaters-main\Cheat\SDK.h(1009,15): warning C4099: 'UClass': type name first seen using 'class' now seen using 'struct'
C:\Users\sophi\Desktop\seaofcheaters\Sea-of-Cheaters-main\Cheat\SDK.h(233): message : see declaration of 'UClass'
C:\Users\sophi\Desktop\seaofcheaters\Sea-of-Cheaters-main\Cheat\SDK.h(1039,16): warning C4099: 'UObject': type name first seen using 'class' now seen using 'struct'
C:\Users\sophi\Desktop\seaofcheaters\Sea-of-Cheaters-main\Cheat\SDK.h(111): message : see declaration of 'UObject'
C:\Users\sophi\Desktop\seaofcheaters\Sea-of-Cheaters-main\Cheat\SDK.h(1040,16): warning C4099: 'UObject': type name first seen using 'class' now seen using 'struct'
C:\Users\sophi\Desktop\seaofcheaters\Sea-of-Cheaters-main\Cheat\SDK.h(111): message : see declaration of 'UObject'
C:\Users\sophi\Desktop\seaofcheaters\Sea-of-Cheaters-main\Cheat\SDK.h(1041,16): warning C4099: 'UObject': type name first seen using 'class' now seen using 'struct'
C:\Users\sophi\Desktop\seaofcheaters\Sea-of-Cheaters-main\Cheat\SDK.h(111): message : see declaration of 'UObject'
C:\Users\sophi\Desktop\seaofcheaters\Sea-of-Cheaters-main\Cheat\SDK.h(1042,16): warning C4099: 'UObject': type name first seen using 'class' now seen using 'struct'
C:\Users\sophi\Desktop\seaofcheaters\Sea-of-Cheaters-main\Cheat\SDK.h(111): message : see declaration of 'UObject'
C:\Users\sophi\Desktop\seaofcheaters\Sea-of-Cheaters-main\Cheat\SDK.h(1045,15): warning C4099: 'UClass': type name first seen using 'class' now seen using 'struct'
C:\Users\sophi\Desktop\seaofcheaters\Sea-of-Cheaters-main\Cheat\SDK.h(233): message : see declaration of 'UClass'
C:\Users\sophi\Desktop\seaofcheaters\Sea-of-Cheaters-main\Cheat\SDK.h(1046,15): warning C4099: 'UClass': type name first seen using 'class' now seen using 'struct'
C:\Users\sophi\Desktop\seaofcheaters\Sea-of-Cheaters-main\Cheat\SDK.h(233): message : see declaration of 'UClass'
C:\Users\sophi\Desktop\seaofcheaters\Sea-of-Cheaters-main\Cheat\SDK.h(1116,15): warning C4099: 'UClass': type name first seen using 'class' now seen using 'struct'
C:\Users\sophi\Desktop\seaofcheaters\Sea-of-Cheaters-main\Cheat\SDK.h(233): message : see declaration of 'UClass'
C:\Users\sophi\Desktop\seaofcheaters\Sea-of-Cheaters-main\Cheat\SDK.h(1457,49): warning C4099: 'AAthenaPlayerCharacter': type name first seen using 'struct' now seen using 'class'
C:\Users\sophi\Desktop\seaofcheaters\Sea-of-Cheaters-main\Cheat\SDK.h(320): message : see declaration of 'AAthenaPlayerCharacter'
C:\Users\sophi\Desktop\seaofcheaters\Sea-of-Cheaters-main\Cheat\SDK.h(1465,48): warning C4099: 'AAthenaPlayerCharacter': type name first seen using 'struct' now seen using 'class'
C:\Users\sophi\Desktop\seaofcheaters\Sea-of-Cheaters-main\Cheat\SDK.h(320): message : see declaration of 'AAthenaPlayerCharacter'
C:\Users\sophi\Desktop\seaofcheaters\Sea-of-Cheaters-main\Cheat\SDK.h(1731,29): warning C4099: 'UMeleeAttackDataAsset': type name first seen using 'struct' now seen using 'class'
C:\Users\sophi\Desktop\seaofcheaters\Sea-of-Cheaters-main\Cheat\SDK.h(1668): message : see declaration of 'UMeleeAttackDataAsset'
C:\Users\sophi\Desktop\seaofcheaters\Sea-of-Cheaters-main\Cheat\cheat.cpp(297,32): warning C4018: '<': signed/unsigned mismatch
C:\Users\sophi\Desktop\seaofcheaters\Sea-of-Cheaters-main\Cheat\cheat.cpp(432,24): warning C4305: '*=': truncation from 'double' to 'float'
C:\Users\sophi\Desktop\seaofcheaters\Sea-of-Cheaters-main\Cheat\cheat.cpp(693,17): warning C4267: 'initializing': conversion from 'size_t' to 'int', possible loss of data
C:\Users\sophi\Desktop\seaofcheaters\Sea-of-Cheaters-main\Cheat\cheat.cpp(706,68): warning C4244: 'initializing': conversion from 'float' to 'int', possible loss of data
C:\Users\sophi\Desktop\seaofcheaters\Sea-of-Cheaters-main\Cheat\cheat.cpp(706,40): warning C4244: 'initializing': conversion from 'float' to 'const int', possible loss of data
C:\Users\sophi\Desktop\seaofcheaters\Sea-of-Cheaters-main\Cheat\cheat.cpp(744,31): warning C4244: 'initializing': conversion from 'float' to 'int', possible loss of data
C:\Users\sophi\Desktop\seaofcheaters\Sea-of-Cheaters-main\Cheat\cheat.cpp(802,77): warning C4244: 'initializing': conversion from 'float' to 'int', possible loss of data
C:\Users\sophi\Desktop\seaofcheaters\Sea-of-Cheaters-main\Cheat\cheat.cpp(802,48): warning C4244: 'initializing': conversion from 'float' to 'const int', possible loss of data
C:\Users\sophi\Desktop\seaofcheaters\Sea-of-Cheaters-main\Cheat\cheat.cpp(879,83): warning C4244: '=': conversion from 'float' to 'int', possible loss of data
C:\Users\sophi\Desktop\seaofcheaters\Sea-of-Cheaters-main\Cheat\cheat.cpp(1050,86): warning C4305: '=': truncation from 'double' to 'float'
C:\Users\sophi\Desktop\seaofcheaters\Sea-of-Cheaters-main\Cheat\cheat.cpp(1199,72): warning C4244: 'initializing': conversion from 'float' to 'int', possible loss of data
C:\Users\sophi\Desktop\seaofcheaters\Sea-of-Cheaters-main\Cheat\cheat.cpp(1199,44): warning C4244: 'initializing': conversion from 'float' to 'const int', possible loss of data
C:\Users\sophi\Desktop\seaofcheaters\Sea-of-Cheaters-main\Cheat\cheat.cpp(1208,91): warning C4244: '=': conversion from 'float' to 'int', possible loss of data
C:\Users\sophi\Desktop\seaofcheaters\Sea-of-Cheaters-main\Cheat\cheat.cpp(1273,76): warning C4244: 'initializing': conversion from 'float' to 'int', possible loss of data
C:\Users\sophi\Desktop\seaofcheaters\Sea-of-Cheaters-main\Cheat\cheat.cpp(1273,48): warning C4244: 'initializing': conversion from 'float' to 'const int', possible loss of data
C:\Users\sophi\Desktop\seaofcheaters\Sea-of-Cheaters-main\Cheat\cheat.cpp(1298,84): warning C4244: 'initializing': conversion from 'float' to 'int', possible loss of data
C:\Users\sophi\Desktop\seaofcheaters\Sea-of-Cheaters-main\Cheat\cheat.cpp(1298,56): warning C4244: 'initializing': conversion from 'float' to 'const int', possible loss of data
C:\Users\sophi\Desktop\seaofcheaters\Sea-of-Cheaters-main\Cheat\cheat.cpp(1323,80): warning C4244: 'initializing': conversion from 'float' to 'int', possible loss of data
C:\Users\sophi\Desktop\seaofcheaters\Sea-of-Cheaters-main\Cheat\cheat.cpp(1323,52): warning C4244: 'initializing': conversion from 'float' to 'const int', possible loss of data
C:\Users\sophi\Desktop\seaofcheaters\Sea-of-Cheaters-main\Cheat\cheat.cpp(1391,76): warning C4244: 'initializing': conversion from 'float' to 'int', possible loss of data
C:\Users\sophi\Desktop\seaofcheaters\Sea-of-Cheaters-main\Cheat\cheat.cpp(1391,48): warning C4244: 'initializing': conversion from 'float' to 'const int', possible loss of data
C:\Users\sophi\Desktop\seaofcheaters\Sea-of-Cheaters-main\Cheat\cheat.cpp(1500,88): warning C4244: 'initializing': conversion from 'float' to 'int', possible loss of data
C:\Users\sophi\Desktop\seaofcheaters\Sea-of-Cheaters-main\Cheat\cheat.cpp(1500,60): warning C4244: 'initializing': conversion from 'float' to 'const int', possible loss of data
C:\Users\sophi\Desktop\seaofcheaters\Sea-of-Cheaters-main\Cheat\cheat.cpp(1517,84): warning C4244: 'initializing': conversion from 'float' to 'int', possible loss of data
C:\Users\sophi\Desktop\seaofcheaters\Sea-of-Cheaters-main\Cheat\cheat.cpp(1517,56): warning C4244: 'initializing': conversion from 'float' to 'const int', possible loss of data
C:\Users\sophi\Desktop\seaofcheaters\Sea-of-Cheaters-main\Cheat\cheat.cpp(1605,82): warning C4244: 'initializing': conversion from 'float' to 'int', possible loss of data
C:\Users\sophi\Desktop\seaofcheaters\Sea-of-Cheaters-main\Cheat\cheat.cpp(1605,56): warning C4244: 'initializing': conversion from 'float' to 'const int', possible loss of data
C:\Users\sophi\Desktop\seaofcheaters\Sea-of-Cheaters-main\Cheat\cheat.cpp(1700,84): warning C4244: 'initializing': conversion from 'float' to 'int', possible loss of data
C:\Users\sophi\Desktop\seaofcheaters\Sea-of-Cheaters-main\Cheat\cheat.cpp(1700,56): warning C4244: 'initializing': conversion from 'float' to 'const int', possible loss of data
C:\Users\sophi\Desktop\seaofcheaters\Sea-of-Cheaters-main\Cheat\cheat.cpp(1767,86): warning C4244: 'initializing': conversion from 'float' to 'int', possible loss of data
C:\Users\sophi\Desktop\seaofcheaters\Sea-of-Cheaters-main\Cheat\cheat.cpp(1767,60): warning C4244: 'initializing': conversion from 'float' to 'const int', possible loss of data
C:\Users\sophi\Desktop\seaofcheaters\Sea-of-Cheaters-main\Cheat\cheat.cpp(1795,82): warning C4244: 'initializing': conversion from 'float' to 'int', possible loss of data
C:\Users\sophi\Desktop\seaofcheaters\Sea-of-Cheaters-main\Cheat\cheat.cpp(1795,56): warning C4244: 'initializing': conversion from 'float' to 'const int', possible loss of data
C:\Users\sophi\Desktop\seaofcheaters\Sea-of-Cheaters-main\Cheat\cheat.cpp(1813,88): warning C4244: 'initializing': conversion from 'float' to 'int', possible loss of data
C:\Users\sophi\Desktop\seaofcheaters\Sea-of-Cheaters-main\Cheat\cheat.cpp(1813,60): warning C4244: 'initializing': conversion from 'float' to 'const int', possible loss of data
C:\Users\sophi\Desktop\seaofcheaters\Sea-of-Cheaters-main\Cheat\cheat.cpp(1832,51): warning C4018: '<': signed/unsigned mismatch
C:\Users\sophi\Desktop\seaofcheaters\Sea-of-Cheaters-main\Cheat\cheat.cpp(1845,97): warning C4244: 'initializing': conversion from 'float' to 'int', possible loss of data
C:\Users\sophi\Desktop\seaofcheaters\Sea-of-Cheaters-main\Cheat\cheat.cpp(1845,56): warning C4244: 'initializing': conversion from 'float' to 'const int', possible loss of data
C:\Users\sophi\Desktop\seaofcheaters\Sea-of-Cheaters-main\Cheat\cheat.cpp(1878,80): warning C4244: '=': conversion from 'float' to 'int', possible loss of data
  Generating code
  Previous IPDB not found, fall back to full compilation.
C:\Users\sophi\Desktop\seaofcheaters\Sea-of-Cheaters-main\Cheat\imgui_notify.h(148): warning C4715: 'ImGuiToast::get_icon': not all control paths return a value
C:\Users\sophi\Desktop\seaofcheaters\Sea-of-Cheaters-main\Cheat\imgui_notify.h(160): warning C4172: returning address of local variable or temporary
C:\Users\sophi\Desktop\seaofcheaters\Sea-of-Cheaters-main\Cheat\imgui_notify.h(164): warning C4172: returning address of local variable or temporary
C:\Users\sophi\Desktop\seaofcheaters\Sea-of-Cheaters-main\Cheat\imgui_notify.h(168): warning C4172: returning address of local variable or temporary
C:\Users\sophi\Desktop\seaofcheaters\Sea-of-Cheaters-main\Cheat\imgui_notify.h(172): warning C4172: returning address of local variable or temporary
C:\Users\sophi\Desktop\seaofcheaters\Sea-of-Cheaters-main\Cheat\imgui_notify.h(131): warning C4715: 'ImGuiToast::get_color': not all control paths return a value
C:\Users\sophi\Desktop\seaofcheaters\Sea-of-Cheaters-main\Cheat\imgui_notify.h(129): warning C4172: returning address of local variable or temporary
C:\Users\sophi\Desktop\seaofcheaters\Sea-of-Cheaters-main\Cheat\imgui_notify.h(127): warning C4172: returning address of local variable or temporary
C:\Users\sophi\Desktop\seaofcheaters\Sea-of-Cheaters-main\Cheat\imgui_notify.h(125): warning C4172: returning address of local variable or temporary
C:\Users\sophi\Desktop\seaofcheaters\Sea-of-Cheaters-main\Cheat\imgui_notify.h(123): warning C4172: returning address of local variable or temporary
C:\Users\sophi\Desktop\seaofcheaters\Sea-of-Cheaters-main\Cheat\imgui_notify.h(121): warning C4172: returning address of local variable or temporary
  All 2479 functions were compiled because no usable IPDB/IOBJ from previous compilation was found.
  Finished generating code
  Cheat.vcxproj -> C:\Users\sophi\Desktop\seaofcheaters\Sea-of-Cheaters-main\bin\Release\Cheat.dll
